<?xml version="1.0" encoding="UTF-8"?>
<testng-results skipped="0" failed="2" ignored="0" total="8" passed="6">
  <reporter-output>
  </reporter-output>
  <suite name="Suite" duration-ms="200295" started-at="2022-04-23T19:51:16 IST" finished-at="2022-04-23T19:54:36 IST">
    <groups>
    </groups>
    <test name="ChromeTest" duration-ms="83845" started-at="2022-04-23T19:51:16 IST" finished-at="2022-04-23T19:52:40 IST">
      <class name="com.sauceDemo.TestClasses.TC03AddToCartSingleElement">
        <test-method status="PASS" signature="Browserpoen(java.lang.String)[pri:0, instance:com.sauceDemo.TestClasses.TC03AddToCartSingleElement@2e3fc542]" name="Browserpoen" is-config="true" duration-ms="54722" started-at="2022-04-23T19:51:16 IST" finished-at="2022-04-23T19:52:11 IST">
          <params>
            <param index="0">
              <value>
                <![CDATA[chrome]]>
              </value>
            </param>
          </params>
          <reporter-output>
          </reporter-output>
        </test-method> <!-- Browserpoen -->
        <test-method status="PASS" signature="SetUp()[pri:0, instance:com.sauceDemo.TestClasses.TC03AddToCartSingleElement@2e3fc542]" name="SetUp" is-config="true" duration-ms="653" started-at="2022-04-23T19:52:11 IST" finished-at="2022-04-23T19:52:11 IST">
          <reporter-output>
          </reporter-output>
        </test-method> <!-- SetUp -->
        <test-method status="PASS" signature="AddToCartSingleElement()[pri:3, instance:com.sauceDemo.TestClasses.TC03AddToCartSingleElement@2e3fc542]" name="AddToCartSingleElement" duration-ms="258" started-at="2022-04-23T19:52:11 IST" finished-at="2022-04-23T19:52:11 IST">
          <reporter-output>
          </reporter-output>
        </test-method> <!-- AddToCartSingleElement -->
        <test-method status="PASS" signature="TearDown()[pri:0, instance:com.sauceDemo.TestClasses.TC03AddToCartSingleElement@2e3fc542]" name="TearDown" is-config="true" duration-ms="1464" started-at="2022-04-23T19:52:11 IST" finished-at="2022-04-23T19:52:13 IST">
          <reporter-output>
          </reporter-output>
        </test-method> <!-- TearDown -->
        <test-method status="PASS" signature="browserClose()[pri:0, instance:com.sauceDemo.TestClasses.TC03AddToCartSingleElement@2e3fc542]" name="browserClose" is-config="true" duration-ms="626" started-at="2022-04-23T19:52:13 IST" finished-at="2022-04-23T19:52:14 IST">
          <reporter-output>
          </reporter-output>
        </test-method> <!-- browserClose -->
      </class> <!-- com.sauceDemo.TestClasses.TC03AddToCartSingleElement -->
      <class name="com.sauceDemo.TestClasses.Tc04AddToCartMutipleElement">
        <test-method status="PASS" signature="Browserpoen(java.lang.String)[pri:0, instance:com.sauceDemo.TestClasses.Tc04AddToCartMutipleElement@782663d3]" name="Browserpoen" is-config="true" duration-ms="61051" started-at="2022-04-23T19:51:16 IST" finished-at="2022-04-23T19:52:17 IST">
          <params>
            <param index="0">
              <value>
                <![CDATA[chrome]]>
              </value>
            </param>
          </params>
          <reporter-output>
          </reporter-output>
        </test-method> <!-- Browserpoen -->
        <test-method status="PASS" signature="SetUp()[pri:0, instance:com.sauceDemo.TestClasses.Tc04AddToCartMutipleElement@782663d3]" name="SetUp" is-config="true" duration-ms="535" started-at="2022-04-23T19:52:17 IST" finished-at="2022-04-23T19:52:17 IST">
          <reporter-output>
          </reporter-output>
        </test-method> <!-- SetUp -->
        <test-method status="FAIL" signature="AddToCartMutipleElement()[pri:4, instance:com.sauceDemo.TestClasses.Tc04AddToCartMutipleElement@782663d3]" name="AddToCartMutipleElement" duration-ms="20922" started-at="2022-04-23T19:52:17 IST" finished-at="2022-04-23T19:52:38 IST">
          <exception class="org.openqa.selenium.NoSuchElementException">
            <message>
              <![CDATA[no such element: Unable to locate element: {"method":"xpath","selector":"//span[text()='3']"}
  (Session info: chrome=100.0.4896.127)
For documentation on this error, please visit: https://selenium.dev/exceptions/#no_such_element
Build info: version: '4.1.2', revision: '9a5a329c5a'
System info: host: 'DESKTOP-UCM99CO', ip: '192.168.110.224', os.name: 'Windows 10', os.arch: 'amd64', os.version: '10.0', java.version: '1.8.0_321'
Driver info: org.openqa.selenium.chrome.ChromeDriver
Command: [4e38f3364be8f4e65784b1e80ab43548, findElement {using=xpath, value=//span[text()='3']}]
Capabilities {acceptInsecureCerts: false, browserName: chrome, browserVersion: 100.0.4896.127, chrome: {chromedriverVersion: 100.0.4896.60 (6a5d10861ce8..., userDataDir: C:\Users\hp\AppData\Local\T...}, goog:chromeOptions: {debuggerAddress: localhost:55872}, javascriptEnabled: true, networkConnectionEnabled: false, pageLoadStrategy: normal, platform: WINDOWS, platformName: WINDOWS, proxy: Proxy(), se:cdp: ws://localhost:55872/devtoo..., se:cdpVersion: 100.0.4896.127, setWindowRect: true, strictFileInteractability: false, timeouts: {implicit: 0, pageLoad: 300000, script: 30000}, unhandledPromptBehavior: dismiss and notify, webauthn:extension:credBlob: true, webauthn:extension:largeBlob: true, webauthn:virtualAuthenticators: true}
Session ID: 4e38f3364be8f4e65784b1e80ab43548]]>
            </message>
            <full-stacktrace>
              <![CDATA[org.openqa.selenium.NoSuchElementException: no such element: Unable to locate element: {"method":"xpath","selector":"//span[text()='3']"}
  (Session info: chrome=100.0.4896.127)
For documentation on this error, please visit: https://selenium.dev/exceptions/#no_such_element
Build info: version: '4.1.2', revision: '9a5a329c5a'
System info: host: 'DESKTOP-UCM99CO', ip: '192.168.110.224', os.name: 'Windows 10', os.arch: 'amd64', os.version: '10.0', java.version: '1.8.0_321'
Driver info: org.openqa.selenium.chrome.ChromeDriver
Command: [4e38f3364be8f4e65784b1e80ab43548, findElement {using=xpath, value=//span[text()='3']}]
Capabilities {acceptInsecureCerts: false, browserName: chrome, browserVersion: 100.0.4896.127, chrome: {chromedriverVersion: 100.0.4896.60 (6a5d10861ce8..., userDataDir: C:\Users\hp\AppData\Local\T...}, goog:chromeOptions: {debuggerAddress: localhost:55872}, javascriptEnabled: true, networkConnectionEnabled: false, pageLoadStrategy: normal, platform: WINDOWS, platformName: WINDOWS, proxy: Proxy(), se:cdp: ws://localhost:55872/devtoo..., se:cdpVersion: 100.0.4896.127, setWindowRect: true, strictFileInteractability: false, timeouts: {implicit: 0, pageLoad: 300000, script: 30000}, unhandledPromptBehavior: dismiss and notify, webauthn:extension:credBlob: true, webauthn:extension:largeBlob: true, webauthn:virtualAuthenticators: true}
Session ID: 4e38f3364be8f4e65784b1e80ab43548
at sun.reflect.NativeConstructorAccessorImpl.newInstance0(Native Method)
at sun.reflect.NativeConstructorAccessorImpl.newInstance(Unknown Source)
at sun.reflect.DelegatingConstructorAccessorImpl.newInstance(Unknown Source)
at java.lang.reflect.Constructor.newInstance(Unknown Source)
at org.openqa.selenium.remote.codec.w3c.W3CHttpResponseCodec.createException(W3CHttpResponseCodec.java:200)
at org.openqa.selenium.remote.codec.w3c.W3CHttpResponseCodec.decode(W3CHttpResponseCodec.java:133)
at org.openqa.selenium.remote.codec.w3c.W3CHttpResponseCodec.decode(W3CHttpResponseCodec.java:53)
at org.openqa.selenium.remote.HttpCommandExecutor.execute(HttpCommandExecutor.java:184)
at org.openqa.selenium.remote.service.DriverCommandExecutor.invokeExecute(DriverCommandExecutor.java:167)
at org.openqa.selenium.remote.service.DriverCommandExecutor.execute(DriverCommandExecutor.java:142)
at org.openqa.selenium.remote.RemoteWebDriver.execute(RemoteWebDriver.java:558)
at org.openqa.selenium.remote.ElementLocation$ElementFinder$2.findElement(ElementLocation.java:162)
at org.openqa.selenium.remote.ElementLocation.findElement(ElementLocation.java:60)
at org.openqa.selenium.remote.RemoteWebDriver.findElement(RemoteWebDriver.java:382)
at org.openqa.selenium.remote.RemoteWebDriver.findElement(RemoteWebDriver.java:374)
at org.openqa.selenium.support.pagefactory.DefaultElementLocator.findElement(DefaultElementLocator.java:70)
at org.openqa.selenium.support.pagefactory.internal.LocatingElementHandler.invoke(LocatingElementHandler.java:39)
at com.sun.proxy.$Proxy17.getText(Unknown Source)
at com.sauceDemo.POMClasses.HomePage.CartContainergetText(HomePage.java:87)
at com.sauceDemo.TestClasses.Tc04AddToCartMutipleElement.AddToCartMutipleElement(Tc04AddToCartMutipleElement.java:20)
at sun.reflect.NativeMethodAccessorImpl.invoke0(Native Method)
at sun.reflect.NativeMethodAccessorImpl.invoke(Unknown Source)
at sun.reflect.DelegatingMethodAccessorImpl.invoke(Unknown Source)
at java.lang.reflect.Method.invoke(Unknown Source)
at org.testng.internal.MethodInvocationHelper.invokeMethod(MethodInvocationHelper.java:133)
at org.testng.internal.TestInvoker.invokeMethod(TestInvoker.java:598)
at org.testng.internal.TestInvoker.invokeTestMethod(TestInvoker.java:173)
at org.testng.internal.MethodRunner.runInSequence(MethodRunner.java:46)
at org.testng.internal.TestInvoker$MethodInvocationAgent.invoke(TestInvoker.java:824)
at org.testng.internal.TestInvoker.invokeTestMethods(TestInvoker.java:146)
at org.testng.internal.TestMethodWorker.invokeTestMethods(TestMethodWorker.java:146)
at org.testng.internal.TestMethodWorker.run(TestMethodWorker.java:128)
at java.util.concurrent.ThreadPoolExecutor.runWorker(Unknown Source)
at java.util.concurrent.ThreadPoolExecutor$Worker.run(Unknown Source)
at java.lang.Thread.run(Unknown Source)
]]>
            </full-stacktrace>
          </exception> <!-- org.openqa.selenium.NoSuchElementException -->
          <reporter-output>
          </reporter-output>
        </test-method> <!-- AddToCartMutipleElement -->
        <test-method status="PASS" signature="TearDown()[pri:0, instance:com.sauceDemo.TestClasses.Tc04AddToCartMutipleElement@782663d3]" name="TearDown" is-config="true" duration-ms="636" started-at="2022-04-23T19:52:38 IST" finished-at="2022-04-23T19:52:39 IST">
          <reporter-output>
          </reporter-output>
        </test-method> <!-- TearDown -->
        <test-method status="PASS" signature="browserClose()[pri:0, instance:com.sauceDemo.TestClasses.Tc04AddToCartMutipleElement@782663d3]" name="browserClose" is-config="true" duration-ms="607" started-at="2022-04-23T19:52:39 IST" finished-at="2022-04-23T19:52:40 IST">
          <reporter-output>
          </reporter-output>
        </test-method> <!-- browserClose -->
      </class> <!-- com.sauceDemo.TestClasses.Tc04AddToCartMutipleElement -->
      <class name="com.sauceDemo.TestClasses.Tc02SelectFunctionality">
        <test-method status="PASS" signature="Browserpoen(java.lang.String)[pri:0, instance:com.sauceDemo.TestClasses.Tc02SelectFunctionality@150c158]" name="Browserpoen" is-config="true" duration-ms="62259" started-at="2022-04-23T19:51:16 IST" finished-at="2022-04-23T19:52:18 IST">
          <params>
            <param index="0">
              <value>
                <![CDATA[chrome]]>
              </value>
            </param>
          </params>
          <reporter-output>
          </reporter-output>
        </test-method> <!-- Browserpoen -->
        <test-method status="PASS" signature="SetUp()[pri:0, instance:com.sauceDemo.TestClasses.Tc02SelectFunctionality@150c158]" name="SetUp" is-config="true" duration-ms="512" started-at="2022-04-23T19:52:18 IST" finished-at="2022-04-23T19:52:19 IST">
          <reporter-output>
          </reporter-output>
        </test-method> <!-- SetUp -->
        <test-method status="PASS" signature="SelectFunctionality()[pri:2, instance:com.sauceDemo.TestClasses.Tc02SelectFunctionality@150c158]" name="SelectFunctionality" duration-ms="118" started-at="2022-04-23T19:52:19 IST" finished-at="2022-04-23T19:52:19 IST">
          <reporter-output>
          </reporter-output>
        </test-method> <!-- SelectFunctionality -->
        <test-method status="PASS" signature="TearDown()[pri:0, instance:com.sauceDemo.TestClasses.Tc02SelectFunctionality@150c158]" name="TearDown" is-config="true" duration-ms="422" started-at="2022-04-23T19:52:19 IST" finished-at="2022-04-23T19:52:19 IST">
          <reporter-output>
          </reporter-output>
        </test-method> <!-- TearDown -->
        <test-method status="PASS" signature="browserClose()[pri:0, instance:com.sauceDemo.TestClasses.Tc02SelectFunctionality@150c158]" name="browserClose" is-config="true" duration-ms="601" started-at="2022-04-23T19:52:19 IST" finished-at="2022-04-23T19:52:20 IST">
          <reporter-output>
          </reporter-output>
        </test-method> <!-- browserClose -->
      </class> <!-- com.sauceDemo.TestClasses.Tc02SelectFunctionality -->
      <class name="com.sauceDemo.TestClasses.TC01loginFunctionality">
        <test-method status="PASS" signature="Browserpoen(java.lang.String)[pri:0, instance:com.sauceDemo.TestClasses.TC01loginFunctionality@4524411f]" name="Browserpoen" is-config="true" duration-ms="48030" started-at="2022-04-23T19:51:16 IST" finished-at="2022-04-23T19:52:04 IST">
          <params>
            <param index="0">
              <value>
                <![CDATA[chrome]]>
              </value>
            </param>
          </params>
          <reporter-output>
          </reporter-output>
        </test-method> <!-- Browserpoen -->
        <test-method status="PASS" signature="SetUp()[pri:0, instance:com.sauceDemo.TestClasses.TC01loginFunctionality@4524411f]" name="SetUp" is-config="true" duration-ms="1457" started-at="2022-04-23T19:52:04 IST" finished-at="2022-04-23T19:52:05 IST">
          <reporter-output>
          </reporter-output>
        </test-method> <!-- SetUp -->
        <test-method status="PASS" signature="LogInFunctionality()[pri:1, instance:com.sauceDemo.TestClasses.TC01loginFunctionality@4524411f]" name="LogInFunctionality" duration-ms="49" started-at="2022-04-23T19:52:05 IST" finished-at="2022-04-23T19:52:05 IST">
          <reporter-output>
          </reporter-output>
        </test-method> <!-- LogInFunctionality -->
        <test-method status="PASS" signature="TearDown()[pri:0, instance:com.sauceDemo.TestClasses.TC01loginFunctionality@4524411f]" name="TearDown" is-config="true" duration-ms="931" started-at="2022-04-23T19:52:05 IST" finished-at="2022-04-23T19:52:06 IST">
          <reporter-output>
          </reporter-output>
        </test-method> <!-- TearDown -->
        <test-method status="PASS" signature="browserClose()[pri:0, instance:com.sauceDemo.TestClasses.TC01loginFunctionality@4524411f]" name="browserClose" is-config="true" duration-ms="598" started-at="2022-04-23T19:52:06 IST" finished-at="2022-04-23T19:52:07 IST">
          <reporter-output>
          </reporter-output>
        </test-method> <!-- browserClose -->
      </class> <!-- com.sauceDemo.TestClasses.TC01loginFunctionality -->
    </test> <!-- ChromeTest -->
    <test name="FirefoxTest" duration-ms="116376" started-at="2022-04-23T19:52:40 IST" finished-at="2022-04-23T19:54:36 IST">
      <class name="com.sauceDemo.TestClasses.TC03AddToCartSingleElement">
        <test-method status="PASS" signature="Browserpoen(java.lang.String)[pri:0, instance:com.sauceDemo.TestClasses.TC03AddToCartSingleElement@5fdba6f9]" name="Browserpoen" is-config="true" duration-ms="78893" started-at="2022-04-23T19:52:40 IST" finished-at="2022-04-23T19:53:59 IST">
          <params>
            <param index="0">
              <value>
                <![CDATA[firefox]]>
              </value>
            </param>
          </params>
          <reporter-output>
          </reporter-output>
        </test-method> <!-- Browserpoen -->
        <test-method status="PASS" signature="SetUp()[pri:0, instance:com.sauceDemo.TestClasses.TC03AddToCartSingleElement@5fdba6f9]" name="SetUp" is-config="true" duration-ms="6245" started-at="2022-04-23T19:53:59 IST" finished-at="2022-04-23T19:54:05 IST">
          <reporter-output>
          </reporter-output>
        </test-method> <!-- SetUp -->
        <test-method status="PASS" signature="AddToCartSingleElement()[pri:3, instance:com.sauceDemo.TestClasses.TC03AddToCartSingleElement@5fdba6f9]" name="AddToCartSingleElement" duration-ms="3199" started-at="2022-04-23T19:54:05 IST" finished-at="2022-04-23T19:54:08 IST">
          <reporter-output>
          </reporter-output>
        </test-method> <!-- AddToCartSingleElement -->
        <test-method status="FAIL" signature="TearDown()[pri:0, instance:com.sauceDemo.TestClasses.TC03AddToCartSingleElement@5fdba6f9]" name="TearDown" is-config="true" duration-ms="1622" started-at="2022-04-23T19:54:08 IST" finished-at="2022-04-23T19:54:10 IST">
          <exception class="org.openqa.selenium.ElementNotInteractableException">
            <message>
              <![CDATA[Element <a id="logout_sidebar_link" class="bm-item menu-item" href="#"> could not be scrolled into view
Build info: version: '4.1.2', revision: '9a5a329c5a'
System info: host: 'DESKTOP-UCM99CO', ip: '192.168.110.224', os.name: 'Windows 10', os.arch: 'amd64', os.version: '10.0', java.version: '1.8.0_321'
Driver info: org.openqa.selenium.firefox.FirefoxDriver
Command: [d0f90b95-4d02-42e9-8d3c-e17419025bfa, clickElement {id=2fada88e-068b-42db-9c1e-3793e5600c0d}]
Capabilities {acceptInsecureCerts: true, browserName: firefox, browserVersion: 99.0, javascriptEnabled: true, moz:accessibilityChecks: false, moz:buildID: 20220330194208, moz:debuggerAddress: localhost:55515, moz:geckodriverVersion: 0.30.0, moz:headless: false, moz:processID: 91908, moz:profile: C:\Users\hp\AppData\Local\T..., moz:shutdownTimeout: 60000, moz:useNonSpecCompliantPointerOrigin: false, moz:webdriverClick: true, pageLoadStrategy: normal, platform: WINDOWS, platformName: WINDOWS, platformVersion: 10.0, proxy: Proxy(), se:cdp: ws://localhost:55515/devtoo..., se:cdpVersion: 85.0, setWindowRect: true, strictFileInteractability: false, timeouts: {implicit: 0, pageLoad: 300000, script: 30000}, unhandledPromptBehavior: dismiss and notify}
Element: [[FirefoxDriver: firefox on WINDOWS (d0f90b95-4d02-42e9-8d3c-e17419025bfa)] -> xpath: //a[@id='logout_sidebar_link']]
Session ID: d0f90b95-4d02-42e9-8d3c-e17419025bfa]]>
            </message>
            <full-stacktrace>
              <![CDATA[org.openqa.selenium.ElementNotInteractableException: Element <a id="logout_sidebar_link" class="bm-item menu-item" href="#"> could not be scrolled into view
Build info: version: '4.1.2', revision: '9a5a329c5a'
System info: host: 'DESKTOP-UCM99CO', ip: '192.168.110.224', os.name: 'Windows 10', os.arch: 'amd64', os.version: '10.0', java.version: '1.8.0_321'
Driver info: org.openqa.selenium.firefox.FirefoxDriver
Command: [d0f90b95-4d02-42e9-8d3c-e17419025bfa, clickElement {id=2fada88e-068b-42db-9c1e-3793e5600c0d}]
Capabilities {acceptInsecureCerts: true, browserName: firefox, browserVersion: 99.0, javascriptEnabled: true, moz:accessibilityChecks: false, moz:buildID: 20220330194208, moz:debuggerAddress: localhost:55515, moz:geckodriverVersion: 0.30.0, moz:headless: false, moz:processID: 91908, moz:profile: C:\Users\hp\AppData\Local\T..., moz:shutdownTimeout: 60000, moz:useNonSpecCompliantPointerOrigin: false, moz:webdriverClick: true, pageLoadStrategy: normal, platform: WINDOWS, platformName: WINDOWS, platformVersion: 10.0, proxy: Proxy(), se:cdp: ws://localhost:55515/devtoo..., se:cdpVersion: 85.0, setWindowRect: true, strictFileInteractability: false, timeouts: {implicit: 0, pageLoad: 300000, script: 30000}, unhandledPromptBehavior: dismiss and notify}
Element: [[FirefoxDriver: firefox on WINDOWS (d0f90b95-4d02-42e9-8d3c-e17419025bfa)] -> xpath: //a[@id='logout_sidebar_link']]
Session ID: d0f90b95-4d02-42e9-8d3c-e17419025bfa
at sun.reflect.NativeConstructorAccessorImpl.newInstance0(Native Method)
at sun.reflect.NativeConstructorAccessorImpl.newInstance(Unknown Source)
at sun.reflect.DelegatingConstructorAccessorImpl.newInstance(Unknown Source)
at java.lang.reflect.Constructor.newInstance(Unknown Source)
at org.openqa.selenium.remote.codec.w3c.W3CHttpResponseCodec.createException(W3CHttpResponseCodec.java:200)
at org.openqa.selenium.remote.codec.w3c.W3CHttpResponseCodec.decode(W3CHttpResponseCodec.java:133)
at org.openqa.selenium.remote.codec.w3c.W3CHttpResponseCodec.decode(W3CHttpResponseCodec.java:53)
at org.openqa.selenium.remote.HttpCommandExecutor.execute(HttpCommandExecutor.java:184)
at org.openqa.selenium.remote.service.DriverCommandExecutor.invokeExecute(DriverCommandExecutor.java:167)
at org.openqa.selenium.remote.service.DriverCommandExecutor.execute(DriverCommandExecutor.java:142)
at org.openqa.selenium.remote.RemoteWebDriver.execute(RemoteWebDriver.java:558)
at org.openqa.selenium.remote.RemoteWebElement.execute(RemoteWebElement.java:251)
at org.openqa.selenium.remote.RemoteWebElement.click(RemoteWebElement.java:77)
at sun.reflect.GeneratedMethodAccessor1.invoke(Unknown Source)
at sun.reflect.DelegatingMethodAccessorImpl.invoke(Unknown Source)
at java.lang.reflect.Method.invoke(Unknown Source)
at org.openqa.selenium.support.pagefactory.internal.LocatingElementHandler.invoke(LocatingElementHandler.java:52)
at com.sun.proxy.$Proxy17.click(Unknown Source)
at com.sauceDemo.POMClasses.HomePage.Logoutclick(HomePage.java:82)
at com.sauceDemo.TestClasses.BaseTestClass.TearDown(BaseTestClass.java:81)
at sun.reflect.NativeMethodAccessorImpl.invoke0(Native Method)
at sun.reflect.NativeMethodAccessorImpl.invoke(Unknown Source)
at sun.reflect.DelegatingMethodAccessorImpl.invoke(Unknown Source)
at java.lang.reflect.Method.invoke(Unknown Source)
at org.testng.internal.MethodInvocationHelper.invokeMethod(MethodInvocationHelper.java:133)
at org.testng.internal.MethodInvocationHelper.invokeMethodConsideringTimeout(MethodInvocationHelper.java:62)
at org.testng.internal.ConfigInvoker.invokeConfigurationMethod(ConfigInvoker.java:385)
at org.testng.internal.ConfigInvoker.invokeConfigurations(ConfigInvoker.java:321)
at org.testng.internal.TestInvoker.runConfigMethods(TestInvoker.java:700)
at org.testng.internal.TestInvoker.runAfterGroupsConfigurations(TestInvoker.java:676)
at org.testng.internal.TestInvoker.invokeMethod(TestInvoker.java:660)
at org.testng.internal.TestInvoker.invokeTestMethod(TestInvoker.java:173)
at org.testng.internal.MethodRunner.runInSequence(MethodRunner.java:46)
at org.testng.internal.TestInvoker$MethodInvocationAgent.invoke(TestInvoker.java:824)
at org.testng.internal.TestInvoker.invokeTestMethods(TestInvoker.java:146)
at org.testng.internal.TestMethodWorker.invokeTestMethods(TestMethodWorker.java:146)
at org.testng.internal.TestMethodWorker.run(TestMethodWorker.java:128)
at java.util.concurrent.ThreadPoolExecutor.runWorker(Unknown Source)
at java.util.concurrent.ThreadPoolExecutor$Worker.run(Unknown Source)
at java.lang.Thread.run(Unknown Source)
]]>
            </full-stacktrace>
          </exception> <!-- org.openqa.selenium.ElementNotInteractableException -->
          <reporter-output>
          </reporter-output>
        </test-method> <!-- TearDown -->
        <test-method status="SKIP" signature="browserClose()[pri:0, instance:com.sauceDemo.TestClasses.TC03AddToCartSingleElement@5fdba6f9]" name="browserClose" is-config="true" duration-ms="-1650723850127" started-at="2022-04-23T19:54:10 IST" finished-at="1970-01-01T05:30:00 IST">
          <reporter-output>
          </reporter-output>
        </test-method> <!-- browserClose -->
      </class> <!-- com.sauceDemo.TestClasses.TC03AddToCartSingleElement -->
      <class name="com.sauceDemo.TestClasses.Tc04AddToCartMutipleElement">
        <test-method status="PASS" signature="Browserpoen(java.lang.String)[pri:0, instance:com.sauceDemo.TestClasses.Tc04AddToCartMutipleElement@b3d7190]" name="Browserpoen" is-config="true" duration-ms="78919" started-at="2022-04-23T19:52:40 IST" finished-at="2022-04-23T19:53:59 IST">
          <params>
            <param index="0">
              <value>
                <![CDATA[firefox]]>
              </value>
            </param>
          </params>
          <reporter-output>
          </reporter-output>
        </test-method> <!-- Browserpoen -->
        <test-method status="PASS" signature="SetUp()[pri:0, instance:com.sauceDemo.TestClasses.Tc04AddToCartMutipleElement@b3d7190]" name="SetUp" is-config="true" duration-ms="6590" started-at="2022-04-23T19:53:59 IST" finished-at="2022-04-23T19:54:05 IST">
          <reporter-output>
          </reporter-output>
        </test-method> <!-- SetUp -->
        <test-method status="FAIL" signature="AddToCartMutipleElement()[pri:4, instance:com.sauceDemo.TestClasses.Tc04AddToCartMutipleElement@b3d7190]" name="AddToCartMutipleElement" duration-ms="27560" started-at="2022-04-23T19:54:05 IST" finished-at="2022-04-23T19:54:33 IST">
          <exception class="org.openqa.selenium.NoSuchElementException">
            <message>
              <![CDATA[Unable to locate element: //span[text()='3']
For documentation on this error, please visit: https://selenium.dev/exceptions/#no_such_element
Build info: version: '4.1.2', revision: '9a5a329c5a'
System info: host: 'DESKTOP-UCM99CO', ip: '192.168.110.224', os.name: 'Windows 10', os.arch: 'amd64', os.version: '10.0', java.version: '1.8.0_321'
Driver info: org.openqa.selenium.firefox.FirefoxDriver
Command: [4087d36f-43bd-4af0-a937-9899a3cbc264, findElement {using=xpath, value=//span[text()='3']}]
Capabilities {acceptInsecureCerts: true, browserName: firefox, browserVersion: 99.0, javascriptEnabled: true, moz:accessibilityChecks: false, moz:buildID: 20220330194208, moz:debuggerAddress: localhost:60249, moz:geckodriverVersion: 0.30.0, moz:headless: false, moz:processID: 100440, moz:profile: C:\Users\hp\AppData\Local\T..., moz:shutdownTimeout: 60000, moz:useNonSpecCompliantPointerOrigin: false, moz:webdriverClick: true, pageLoadStrategy: normal, platform: WINDOWS, platformName: WINDOWS, platformVersion: 10.0, proxy: Proxy(), se:cdp: ws://localhost:60249/devtoo..., se:cdpVersion: 85.0, setWindowRect: true, strictFileInteractability: false, timeouts: {implicit: 0, pageLoad: 300000, script: 30000}, unhandledPromptBehavior: dismiss and notify}
Session ID: 4087d36f-43bd-4af0-a937-9899a3cbc264]]>
            </message>
            <full-stacktrace>
              <![CDATA[org.openqa.selenium.NoSuchElementException: Unable to locate element: //span[text()='3']
For documentation on this error, please visit: https://selenium.dev/exceptions/#no_such_element
Build info: version: '4.1.2', revision: '9a5a329c5a'
System info: host: 'DESKTOP-UCM99CO', ip: '192.168.110.224', os.name: 'Windows 10', os.arch: 'amd64', os.version: '10.0', java.version: '1.8.0_321'
Driver info: org.openqa.selenium.firefox.FirefoxDriver
Command: [4087d36f-43bd-4af0-a937-9899a3cbc264, findElement {using=xpath, value=//span[text()='3']}]
Capabilities {acceptInsecureCerts: true, browserName: firefox, browserVersion: 99.0, javascriptEnabled: true, moz:accessibilityChecks: false, moz:buildID: 20220330194208, moz:debuggerAddress: localhost:60249, moz:geckodriverVersion: 0.30.0, moz:headless: false, moz:processID: 100440, moz:profile: C:\Users\hp\AppData\Local\T..., moz:shutdownTimeout: 60000, moz:useNonSpecCompliantPointerOrigin: false, moz:webdriverClick: true, pageLoadStrategy: normal, platform: WINDOWS, platformName: WINDOWS, platformVersion: 10.0, proxy: Proxy(), se:cdp: ws://localhost:60249/devtoo..., se:cdpVersion: 85.0, setWindowRect: true, strictFileInteractability: false, timeouts: {implicit: 0, pageLoad: 300000, script: 30000}, unhandledPromptBehavior: dismiss and notify}
Session ID: 4087d36f-43bd-4af0-a937-9899a3cbc264
at sun.reflect.NativeConstructorAccessorImpl.newInstance0(Native Method)
at sun.reflect.NativeConstructorAccessorImpl.newInstance(Unknown Source)
at sun.reflect.DelegatingConstructorAccessorImpl.newInstance(Unknown Source)
at java.lang.reflect.Constructor.newInstance(Unknown Source)
at org.openqa.selenium.remote.codec.w3c.W3CHttpResponseCodec.createException(W3CHttpResponseCodec.java:200)
at org.openqa.selenium.remote.codec.w3c.W3CHttpResponseCodec.decode(W3CHttpResponseCodec.java:133)
at org.openqa.selenium.remote.codec.w3c.W3CHttpResponseCodec.decode(W3CHttpResponseCodec.java:53)
at org.openqa.selenium.remote.HttpCommandExecutor.execute(HttpCommandExecutor.java:184)
at org.openqa.selenium.remote.service.DriverCommandExecutor.invokeExecute(DriverCommandExecutor.java:167)
at org.openqa.selenium.remote.service.DriverCommandExecutor.execute(DriverCommandExecutor.java:142)
at org.openqa.selenium.remote.RemoteWebDriver.execute(RemoteWebDriver.java:558)
at org.openqa.selenium.remote.ElementLocation$ElementFinder$2.findElement(ElementLocation.java:162)
at org.openqa.selenium.remote.ElementLocation.findElement(ElementLocation.java:60)
at org.openqa.selenium.remote.RemoteWebDriver.findElement(RemoteWebDriver.java:382)
at org.openqa.selenium.remote.RemoteWebDriver.findElement(RemoteWebDriver.java:374)
at org.openqa.selenium.support.pagefactory.DefaultElementLocator.findElement(DefaultElementLocator.java:70)
at org.openqa.selenium.support.pagefactory.internal.LocatingElementHandler.invoke(LocatingElementHandler.java:39)
at com.sun.proxy.$Proxy17.getText(Unknown Source)
at com.sauceDemo.POMClasses.HomePage.CartContainergetText(HomePage.java:87)
at com.sauceDemo.TestClasses.Tc04AddToCartMutipleElement.AddToCartMutipleElement(Tc04AddToCartMutipleElement.java:20)
at sun.reflect.NativeMethodAccessorImpl.invoke0(Native Method)
at sun.reflect.NativeMethodAccessorImpl.invoke(Unknown Source)
at sun.reflect.DelegatingMethodAccessorImpl.invoke(Unknown Source)
at java.lang.reflect.Method.invoke(Unknown Source)
at org.testng.internal.MethodInvocationHelper.invokeMethod(MethodInvocationHelper.java:133)
at org.testng.internal.TestInvoker.invokeMethod(TestInvoker.java:598)
at org.testng.internal.TestInvoker.invokeTestMethod(TestInvoker.java:173)
at org.testng.internal.MethodRunner.runInSequence(MethodRunner.java:46)
at org.testng.internal.TestInvoker$MethodInvocationAgent.invoke(TestInvoker.java:824)
at org.testng.internal.TestInvoker.invokeTestMethods(TestInvoker.java:146)
at org.testng.internal.TestMethodWorker.invokeTestMethods(TestMethodWorker.java:146)
at org.testng.internal.TestMethodWorker.run(TestMethodWorker.java:128)
at java.util.concurrent.ThreadPoolExecutor.runWorker(Unknown Source)
at java.util.concurrent.ThreadPoolExecutor$Worker.run(Unknown Source)
at java.lang.Thread.run(Unknown Source)
]]>
            </full-stacktrace>
          </exception> <!-- org.openqa.selenium.NoSuchElementException -->
          <reporter-output>
          </reporter-output>
        </test-method> <!-- AddToCartMutipleElement -->
        <test-method status="PASS" signature="TearDown()[pri:0, instance:com.sauceDemo.TestClasses.Tc04AddToCartMutipleElement@b3d7190]" name="TearDown" is-config="true" duration-ms="3203" started-at="2022-04-23T19:54:33 IST" finished-at="2022-04-23T19:54:36 IST">
          <reporter-output>
          </reporter-output>
        </test-method> <!-- TearDown -->
        <test-method status="FAIL" signature="browserClose()[pri:0, instance:com.sauceDemo.TestClasses.Tc04AddToCartMutipleElement@b3d7190]" name="browserClose" is-config="true" duration-ms="72" started-at="2022-04-23T19:54:36 IST" finished-at="2022-04-23T19:54:36 IST">
          <exception class="org.openqa.selenium.NoSuchSessionException">
            <message>
              <![CDATA[Tried to run command without establishing a connection
Build info: version: '4.1.2', revision: '9a5a329c5a'
System info: host: 'DESKTOP-UCM99CO', ip: '192.168.110.224', os.name: 'Windows 10', os.arch: 'amd64', os.version: '10.0', java.version: '1.8.0_321'
Driver info: org.openqa.selenium.firefox.FirefoxDriver
Command: [4087d36f-43bd-4af0-a937-9899a3cbc264, quit {}]
Capabilities {acceptInsecureCerts: true, browserName: firefox, browserVersion: 99.0, javascriptEnabled: true, moz:accessibilityChecks: false, moz:buildID: 20220330194208, moz:debuggerAddress: localhost:60249, moz:geckodriverVersion: 0.30.0, moz:headless: false, moz:processID: 100440, moz:profile: C:\Users\hp\AppData\Local\T..., moz:shutdownTimeout: 60000, moz:useNonSpecCompliantPointerOrigin: false, moz:webdriverClick: true, pageLoadStrategy: normal, platform: WINDOWS, platformName: WINDOWS, platformVersion: 10.0, proxy: Proxy(), se:cdp: ws://localhost:60249/devtoo..., se:cdpVersion: 85.0, setWindowRect: true, strictFileInteractability: false, timeouts: {implicit: 0, pageLoad: 300000, script: 30000}, unhandledPromptBehavior: dismiss and notify}
Session ID: 4087d36f-43bd-4af0-a937-9899a3cbc264]]>
            </message>
            <full-stacktrace>
              <![CDATA[org.openqa.selenium.NoSuchSessionException: Tried to run command without establishing a connection
Build info: version: '4.1.2', revision: '9a5a329c5a'
System info: host: 'DESKTOP-UCM99CO', ip: '192.168.110.224', os.name: 'Windows 10', os.arch: 'amd64', os.version: '10.0', java.version: '1.8.0_321'
Driver info: org.openqa.selenium.firefox.FirefoxDriver
Command: [4087d36f-43bd-4af0-a937-9899a3cbc264, quit {}]
Capabilities {acceptInsecureCerts: true, browserName: firefox, browserVersion: 99.0, javascriptEnabled: true, moz:accessibilityChecks: false, moz:buildID: 20220330194208, moz:debuggerAddress: localhost:60249, moz:geckodriverVersion: 0.30.0, moz:headless: false, moz:processID: 100440, moz:profile: C:\Users\hp\AppData\Local\T..., moz:shutdownTimeout: 60000, moz:useNonSpecCompliantPointerOrigin: false, moz:webdriverClick: true, pageLoadStrategy: normal, platform: WINDOWS, platformName: WINDOWS, platformVersion: 10.0, proxy: Proxy(), se:cdp: ws://localhost:60249/devtoo..., se:cdpVersion: 85.0, setWindowRect: true, strictFileInteractability: false, timeouts: {implicit: 0, pageLoad: 300000, script: 30000}, unhandledPromptBehavior: dismiss and notify}
Session ID: 4087d36f-43bd-4af0-a937-9899a3cbc264
at sun.reflect.NativeConstructorAccessorImpl.newInstance0(Native Method)
at sun.reflect.NativeConstructorAccessorImpl.newInstance(Unknown Source)
at sun.reflect.DelegatingConstructorAccessorImpl.newInstance(Unknown Source)
at java.lang.reflect.Constructor.newInstance(Unknown Source)
at org.openqa.selenium.remote.codec.w3c.W3CHttpResponseCodec.createException(W3CHttpResponseCodec.java:200)
at org.openqa.selenium.remote.codec.w3c.W3CHttpResponseCodec.decode(W3CHttpResponseCodec.java:133)
at org.openqa.selenium.remote.codec.w3c.W3CHttpResponseCodec.decode(W3CHttpResponseCodec.java:53)
at org.openqa.selenium.remote.HttpCommandExecutor.execute(HttpCommandExecutor.java:184)
at org.openqa.selenium.remote.service.DriverCommandExecutor.invokeExecute(DriverCommandExecutor.java:167)
at org.openqa.selenium.remote.service.DriverCommandExecutor.lambda$execute$1(DriverCommandExecutor.java:105)
at java.util.concurrent.CompletableFuture$AsyncSupply.run(Unknown Source)
at java.util.concurrent.ThreadPoolExecutor.runWorker(Unknown Source)
at java.util.concurrent.ThreadPoolExecutor$Worker.run(Unknown Source)
at java.lang.Thread.run(Unknown Source)
]]>
            </full-stacktrace>
          </exception> <!-- org.openqa.selenium.NoSuchSessionException -->
          <reporter-output>
          </reporter-output>
        </test-method> <!-- browserClose -->
      </class> <!-- com.sauceDemo.TestClasses.Tc04AddToCartMutipleElement -->
      <class name="com.sauceDemo.TestClasses.Tc02SelectFunctionality">
        <test-method status="PASS" signature="Browserpoen(java.lang.String)[pri:0, instance:com.sauceDemo.TestClasses.Tc02SelectFunctionality@10d59286]" name="Browserpoen" is-config="true" duration-ms="78878" started-at="2022-04-23T19:52:40 IST" finished-at="2022-04-23T19:53:59 IST">
          <params>
            <param index="0">
              <value>
                <![CDATA[firefox]]>
              </value>
            </param>
          </params>
          <reporter-output>
          </reporter-output>
        </test-method> <!-- Browserpoen -->
        <test-method status="PASS" signature="SetUp()[pri:0, instance:com.sauceDemo.TestClasses.Tc02SelectFunctionality@10d59286]" name="SetUp" is-config="true" duration-ms="7611" started-at="2022-04-23T19:53:59 IST" finished-at="2022-04-23T19:54:06 IST">
          <reporter-output>
          </reporter-output>
        </test-method> <!-- SetUp -->
        <test-method status="PASS" signature="SelectFunctionality()[pri:2, instance:com.sauceDemo.TestClasses.Tc02SelectFunctionality@10d59286]" name="SelectFunctionality" duration-ms="668" started-at="2022-04-23T19:54:06 IST" finished-at="2022-04-23T19:54:07 IST">
          <reporter-output>
          </reporter-output>
        </test-method> <!-- SelectFunctionality -->
        <test-method status="PASS" signature="TearDown()[pri:0, instance:com.sauceDemo.TestClasses.Tc02SelectFunctionality@10d59286]" name="TearDown" is-config="true" duration-ms="10301" started-at="2022-04-23T19:54:07 IST" finished-at="2022-04-23T19:54:17 IST">
          <reporter-output>
          </reporter-output>
        </test-method> <!-- TearDown -->
        <test-method status="FAIL" signature="browserClose()[pri:0, instance:com.sauceDemo.TestClasses.Tc02SelectFunctionality@10d59286]" name="browserClose" is-config="true" duration-ms="69" started-at="2022-04-23T19:54:17 IST" finished-at="2022-04-23T19:54:17 IST">
          <exception class="org.openqa.selenium.NoSuchSessionException">
            <message>
              <![CDATA[Tried to run command without establishing a connection
Build info: version: '4.1.2', revision: '9a5a329c5a'
System info: host: 'DESKTOP-UCM99CO', ip: '192.168.110.224', os.name: 'Windows 10', os.arch: 'amd64', os.version: '10.0', java.version: '1.8.0_321'
Driver info: org.openqa.selenium.firefox.FirefoxDriver
Command: [ab4cafe6-f8ee-4e86-9f0b-e55bfeaf78b9, quit {}]
Capabilities {acceptInsecureCerts: true, browserName: firefox, browserVersion: 99.0, javascriptEnabled: true, moz:accessibilityChecks: false, moz:buildID: 20220330194208, moz:debuggerAddress: localhost:54725, moz:geckodriverVersion: 0.30.0, moz:headless: false, moz:processID: 89528, moz:profile: C:\Users\hp\AppData\Local\T..., moz:shutdownTimeout: 60000, moz:useNonSpecCompliantPointerOrigin: false, moz:webdriverClick: true, pageLoadStrategy: normal, platform: WINDOWS, platformName: WINDOWS, platformVersion: 10.0, proxy: Proxy(), se:cdp: ws://localhost:54725/devtoo..., se:cdpVersion: 85.0, setWindowRect: true, strictFileInteractability: false, timeouts: {implicit: 0, pageLoad: 300000, script: 30000}, unhandledPromptBehavior: dismiss and notify}
Session ID: ab4cafe6-f8ee-4e86-9f0b-e55bfeaf78b9]]>
            </message>
            <full-stacktrace>
              <![CDATA[org.openqa.selenium.NoSuchSessionException: Tried to run command without establishing a connection
Build info: version: '4.1.2', revision: '9a5a329c5a'
System info: host: 'DESKTOP-UCM99CO', ip: '192.168.110.224', os.name: 'Windows 10', os.arch: 'amd64', os.version: '10.0', java.version: '1.8.0_321'
Driver info: org.openqa.selenium.firefox.FirefoxDriver
Command: [ab4cafe6-f8ee-4e86-9f0b-e55bfeaf78b9, quit {}]
Capabilities {acceptInsecureCerts: true, browserName: firefox, browserVersion: 99.0, javascriptEnabled: true, moz:accessibilityChecks: false, moz:buildID: 20220330194208, moz:debuggerAddress: localhost:54725, moz:geckodriverVersion: 0.30.0, moz:headless: false, moz:processID: 89528, moz:profile: C:\Users\hp\AppData\Local\T..., moz:shutdownTimeout: 60000, moz:useNonSpecCompliantPointerOrigin: false, moz:webdriverClick: true, pageLoadStrategy: normal, platform: WINDOWS, platformName: WINDOWS, platformVersion: 10.0, proxy: Proxy(), se:cdp: ws://localhost:54725/devtoo..., se:cdpVersion: 85.0, setWindowRect: true, strictFileInteractability: false, timeouts: {implicit: 0, pageLoad: 300000, script: 30000}, unhandledPromptBehavior: dismiss and notify}
Session ID: ab4cafe6-f8ee-4e86-9f0b-e55bfeaf78b9
at sun.reflect.NativeConstructorAccessorImpl.newInstance0(Native Method)
at sun.reflect.NativeConstructorAccessorImpl.newInstance(Unknown Source)
at sun.reflect.DelegatingConstructorAccessorImpl.newInstance(Unknown Source)
at java.lang.reflect.Constructor.newInstance(Unknown Source)
at org.openqa.selenium.remote.codec.w3c.W3CHttpResponseCodec.createException(W3CHttpResponseCodec.java:200)
at org.openqa.selenium.remote.codec.w3c.W3CHttpResponseCodec.decode(W3CHttpResponseCodec.java:133)
at org.openqa.selenium.remote.codec.w3c.W3CHttpResponseCodec.decode(W3CHttpResponseCodec.java:53)
at org.openqa.selenium.remote.HttpCommandExecutor.execute(HttpCommandExecutor.java:184)
at org.openqa.selenium.remote.service.DriverCommandExecutor.invokeExecute(DriverCommandExecutor.java:167)
at org.openqa.selenium.remote.service.DriverCommandExecutor.lambda$execute$1(DriverCommandExecutor.java:105)
at java.util.concurrent.CompletableFuture$AsyncSupply.run(Unknown Source)
at java.util.concurrent.ThreadPoolExecutor.runWorker(Unknown Source)
at java.util.concurrent.ThreadPoolExecutor$Worker.run(Unknown Source)
at java.lang.Thread.run(Unknown Source)
]]>
            </full-stacktrace>
          </exception> <!-- org.openqa.selenium.NoSuchSessionException -->
          <reporter-output>
          </reporter-output>
        </test-method> <!-- browserClose -->
      </class> <!-- com.sauceDemo.TestClasses.Tc02SelectFunctionality -->
      <class name="com.sauceDemo.TestClasses.TC01loginFunctionality">
        <test-method status="PASS" signature="Browserpoen(java.lang.String)[pri:0, instance:com.sauceDemo.TestClasses.TC01loginFunctionality@6fb0d3ed]" name="Browserpoen" is-config="true" duration-ms="78891" started-at="2022-04-23T19:52:40 IST" finished-at="2022-04-23T19:53:59 IST">
          <params>
            <param index="0">
              <value>
                <![CDATA[firefox]]>
              </value>
            </param>
          </params>
          <reporter-output>
          </reporter-output>
        </test-method> <!-- Browserpoen -->
        <test-method status="PASS" signature="SetUp()[pri:0, instance:com.sauceDemo.TestClasses.TC01loginFunctionality@6fb0d3ed]" name="SetUp" is-config="true" duration-ms="6616" started-at="2022-04-23T19:53:59 IST" finished-at="2022-04-23T19:54:05 IST">
          <reporter-output>
          </reporter-output>
        </test-method> <!-- SetUp -->
        <test-method status="PASS" signature="LogInFunctionality()[pri:1, instance:com.sauceDemo.TestClasses.TC01loginFunctionality@6fb0d3ed]" name="LogInFunctionality" duration-ms="767" started-at="2022-04-23T19:54:05 IST" finished-at="2022-04-23T19:54:06 IST">
          <reporter-output>
          </reporter-output>
        </test-method> <!-- LogInFunctionality -->
        <test-method status="PASS" signature="TearDown()[pri:0, instance:com.sauceDemo.TestClasses.TC01loginFunctionality@6fb0d3ed]" name="TearDown" is-config="true" duration-ms="11116" started-at="2022-04-23T19:54:06 IST" finished-at="2022-04-23T19:54:17 IST">
          <reporter-output>
          </reporter-output>
        </test-method> <!-- TearDown -->
        <test-method status="FAIL" signature="browserClose()[pri:0, instance:com.sauceDemo.TestClasses.TC01loginFunctionality@6fb0d3ed]" name="browserClose" is-config="true" duration-ms="72" started-at="2022-04-23T19:54:17 IST" finished-at="2022-04-23T19:54:17 IST">
          <exception class="org.openqa.selenium.NoSuchSessionException">
            <message>
              <![CDATA[Tried to run command without establishing a connection
Build info: version: '4.1.2', revision: '9a5a329c5a'
System info: host: 'DESKTOP-UCM99CO', ip: '192.168.110.224', os.name: 'Windows 10', os.arch: 'amd64', os.version: '10.0', java.version: '1.8.0_321'
Driver info: org.openqa.selenium.firefox.FirefoxDriver
Command: [1d2661c9-b0a8-467b-80f9-3e6cdc837218, quit {}]
Capabilities {acceptInsecureCerts: true, browserName: firefox, browserVersion: 99.0, javascriptEnabled: true, moz:accessibilityChecks: false, moz:buildID: 20220330194208, moz:debuggerAddress: localhost:57202, moz:geckodriverVersion: 0.30.0, moz:headless: false, moz:processID: 91520, moz:profile: C:\Users\hp\AppData\Local\T..., moz:shutdownTimeout: 60000, moz:useNonSpecCompliantPointerOrigin: false, moz:webdriverClick: true, pageLoadStrategy: normal, platform: WINDOWS, platformName: WINDOWS, platformVersion: 10.0, proxy: Proxy(), se:cdp: ws://localhost:57202/devtoo..., se:cdpVersion: 85.0, setWindowRect: true, strictFileInteractability: false, timeouts: {implicit: 0, pageLoad: 300000, script: 30000}, unhandledPromptBehavior: dismiss and notify}
Session ID: 1d2661c9-b0a8-467b-80f9-3e6cdc837218]]>
            </message>
            <full-stacktrace>
              <![CDATA[org.openqa.selenium.NoSuchSessionException: Tried to run command without establishing a connection
Build info: version: '4.1.2', revision: '9a5a329c5a'
System info: host: 'DESKTOP-UCM99CO', ip: '192.168.110.224', os.name: 'Windows 10', os.arch: 'amd64', os.version: '10.0', java.version: '1.8.0_321'
Driver info: org.openqa.selenium.firefox.FirefoxDriver
Command: [1d2661c9-b0a8-467b-80f9-3e6cdc837218, quit {}]
Capabilities {acceptInsecureCerts: true, browserName: firefox, browserVersion: 99.0, javascriptEnabled: true, moz:accessibilityChecks: false, moz:buildID: 20220330194208, moz:debuggerAddress: localhost:57202, moz:geckodriverVersion: 0.30.0, moz:headless: false, moz:processID: 91520, moz:profile: C:\Users\hp\AppData\Local\T..., moz:shutdownTimeout: 60000, moz:useNonSpecCompliantPointerOrigin: false, moz:webdriverClick: true, pageLoadStrategy: normal, platform: WINDOWS, platformName: WINDOWS, platformVersion: 10.0, proxy: Proxy(), se:cdp: ws://localhost:57202/devtoo..., se:cdpVersion: 85.0, setWindowRect: true, strictFileInteractability: false, timeouts: {implicit: 0, pageLoad: 300000, script: 30000}, unhandledPromptBehavior: dismiss and notify}
Session ID: 1d2661c9-b0a8-467b-80f9-3e6cdc837218
at sun.reflect.NativeConstructorAccessorImpl.newInstance0(Native Method)
at sun.reflect.NativeConstructorAccessorImpl.newInstance(Unknown Source)
at sun.reflect.DelegatingConstructorAccessorImpl.newInstance(Unknown Source)
at java.lang.reflect.Constructor.newInstance(Unknown Source)
at org.openqa.selenium.remote.codec.w3c.W3CHttpResponseCodec.createException(W3CHttpResponseCodec.java:200)
at org.openqa.selenium.remote.codec.w3c.W3CHttpResponseCodec.decode(W3CHttpResponseCodec.java:133)
at org.openqa.selenium.remote.codec.w3c.W3CHttpResponseCodec.decode(W3CHttpResponseCodec.java:53)
at org.openqa.selenium.remote.HttpCommandExecutor.execute(HttpCommandExecutor.java:184)
at org.openqa.selenium.remote.service.DriverCommandExecutor.invokeExecute(DriverCommandExecutor.java:167)
at org.openqa.selenium.remote.service.DriverCommandExecutor.lambda$execute$1(DriverCommandExecutor.java:105)
at java.util.concurrent.CompletableFuture$AsyncSupply.run(Unknown Source)
at java.util.concurrent.ThreadPoolExecutor.runWorker(Unknown Source)
at java.util.concurrent.ThreadPoolExecutor$Worker.run(Unknown Source)
at java.lang.Thread.run(Unknown Source)
]]>
            </full-stacktrace>
          </exception> <!-- org.openqa.selenium.NoSuchSessionException -->
          <reporter-output>
          </reporter-output>
        </test-method> <!-- browserClose -->
      </class> <!-- com.sauceDemo.TestClasses.TC01loginFunctionality -->
    </test> <!-- FirefoxTest -->
  </suite> <!-- Suite -->
</testng-results>
