<?xml version="1.0" encoding="UTF-8"?>
<!-- Generated by org.testng.reporters.JUnitXMLReporter -->
<testsuite hostname="DESKTOP-UCM99CO" ignored="0" name="Default test" tests="1" failures="0" timestamp="2022-04-19T19:17:05 IST" time="0.064" errors="0">
  <testcase name="@BeforeClass Browserpoen" time="-1.650376025413E9" classname="com.sauceDemo.TestClasses.BaseTestClass">
    <failure type="org.testng.TestNGException" message="
Parameter &amp;apos;browsername&amp;apos; is required by BeforeClass on method Browserpoen but has not been marked @Optional or defined
in C:\Users\hp\AppData\Local\Temp\testng-eclipse-709770049\testng-customsuite.xml">
      <![CDATA[org.testng.TestNGException: 
Parameter 'browsername' is required by BeforeClass on method Browserpoen but has not been marked @Optional or defined
in C:\Users\hp\AppData\Local\Temp\testng-eclipse-709770049\testng-customsuite.xml
at org.testng.internal.Parameters.createParams(Parameters.java:270)
at org.testng.internal.Parameters.createParametersForMethod(Parameters.java:358)
at org.testng.internal.Parameters.createParameters(Parameters.java:700)
at org.testng.internal.Parameters.createConfigurationParameters(Parameters.java:168)
at org.testng.internal.ConfigInvoker.invokeConfigurations(ConfigInvoker.java:302)
at org.testng.internal.TestMethodWorker.invokeBeforeClassMethods(TestMethodWorker.java:176)
at org.testng.internal.TestMethodWorker.run(TestMethodWorker.java:122)
at java.util.ArrayList.forEach(Unknown Source)
at org.testng.TestRunner.privateRun(TestRunner.java:794)
at org.testng.TestRunner.run(TestRunner.java:596)
at org.testng.SuiteRunner.runTest(SuiteRunner.java:377)
at org.testng.SuiteRunner.runSequentially(SuiteRunner.java:371)
at org.testng.SuiteRunner.privateRun(SuiteRunner.java:332)
at org.testng.SuiteRunner.run(SuiteRunner.java:276)
at org.testng.SuiteRunnerWorker.runSuite(SuiteRunnerWorker.java:53)
at org.testng.SuiteRunnerWorker.run(SuiteRunnerWorker.java:96)
at org.testng.TestNG.runSuitesSequentially(TestNG.java:1212)
at org.testng.TestNG.runSuitesLocally(TestNG.java:1134)
at org.testng.TestNG.runSuites(TestNG.java:1063)
at org.testng.TestNG.run(TestNG.java:1031)
at org.testng.remote.AbstractRemoteTestNG.run(AbstractRemoteTestNG.java:115)
at org.testng.remote.RemoteTestNG.initAndRun(RemoteTestNG.java:251)
at org.testng.remote.RemoteTestNG.main(RemoteTestNG.java:77)
]]>
    </failure>
  </testcase> <!-- @BeforeClass Browserpoen -->
  <testcase name="@BeforeMethod SetUp" time="-1.65037602544E9" classname="com.sauceDemo.TestClasses.BaseTestClass">
    <skipped/>
  </testcase> <!-- @BeforeMethod SetUp -->
  <testcase name="@AfterMethod TearDown" time="-1.65037602545E9" classname="com.sauceDemo.TestClasses.BaseTestClass">
    <skipped/>
  </testcase> <!-- @AfterMethod TearDown -->
  <testcase name="@AfterClass browserClose" time="-1.650376025452E9" classname="com.sauceDemo.TestClasses.BaseTestClass">
    <skipped/>
  </testcase> <!-- @AfterClass browserClose -->
  <testcase name="AddToCartMutipleElement" time="0.0" classname="com.sauceDemo.TestClasses.Tc04AddToCartMutipleElement">
    <skipped/>
  </testcase> <!-- AddToCartMutipleElement -->
</testsuite> <!-- Default test -->
