<?xml version="1.0" encoding="UTF-8"?>
<!-- Generated by org.testng.reporters.JUnitXMLReporter -->
<testsuite hostname="DESKTOP-UCM99CO" ignored="0" name="Test" tests="1" failures="0" timestamp="2022-04-23T19:51:01 IST" time="0.067" errors="0">
  <testcase name="@BeforeClass Browserpoen" time="-1.650723661379E9" classname="com.sauceDemo.TestClasses.BaseTestClass">
    <failure type="org.testng.TestNGException" message="
Parameter &amp;apos;browsername&amp;apos; is required by BeforeClass on method Browserpoen but has not been marked @Optional or defined
in E:\www.SauceDemo.com\testng.xml">
      <![CDATA[org.testng.TestNGException: 
Parameter 'browsername' is required by BeforeClass on method Browserpoen but has not been marked @Optional or defined
in E:\www.SauceDemo.com\testng.xml
at java.util.ArrayList.forEach(Unknown Source)
... Removed 22 stack frames]]>
    </failure>
  </testcase> <!-- @BeforeClass Browserpoen -->
  <testcase name="@BeforeMethod SetUp" time="-1.650723661405E9" classname="com.sauceDemo.TestClasses.BaseTestClass">
    <skipped/>
  </testcase> <!-- @BeforeMethod SetUp -->
  <testcase name="@AfterMethod TearDown" time="-1.650723661414E9" classname="com.sauceDemo.TestClasses.BaseTestClass">
    <skipped/>
  </testcase> <!-- @AfterMethod TearDown -->
  <testcase name="@AfterClass browserClose" time="-1.650723661416E9" classname="com.sauceDemo.TestClasses.BaseTestClass">
    <skipped/>
  </testcase> <!-- @AfterClass browserClose -->
  <testcase name="AddToCartMutipleElement" time="0.0" classname="com.sauceDemo.TestClasses.Tc04AddToCartMutipleElement">
    <skipped/>
  </testcase> <!-- AddToCartMutipleElement -->
</testsuite> <!-- Test -->
